<?xml version="1.0" encoding="UTF-8"?>
<!-- Generated by org.testng.reporters.JUnitReportReporter -->
<testsuite hostname="DESKTOP-HIOUSGQ" failures="0" tests="4" name="DataBaseTesting.DataBaseTesting.AppTest" time="0.370" errors="0" timestamp="2025-05-15T16:25:20 EET" skipped="0">
  <testcase classname="DataBaseTesting.DataBaseTesting.AppTest" name="InsertIntoDatabase" time="0.023"/>
  <testcase classname="DataBaseTesting.DataBaseTesting.AppTest" name="DeleteDatabase" time="0.005"/>
  <testcase classname="DataBaseTesting.DataBaseTesting.AppTest" name="UpdateDatabase" time="0.007"/>
  <testcase classname="DataBaseTesting.DataBaseTesting.AppTest" name="ReadDatabase" time="0.335"/>
</testsuite> <!-- DataBaseTesting.DataBaseTesting.AppTest -->
